[debug] [2023-04-07T01:31:46.956Z] ----------------------------------------------------------------------
[debug] [2023-04-07T01:31:46.960Z] Command:       D:\nodejs\node.exe C:\Users\bengi\AppData\Roaming\npm\node_modules\firebase-tools\lib\bin\firebase.js init
[debug] [2023-04-07T01:31:46.961Z] CLI Version:   11.25.3
[debug] [2023-04-07T01:31:46.961Z] Platform:      win32
[debug] [2023-04-07T01:31:46.962Z] Node Version:  v18.14.2
[debug] [2023-04-07T01:31:46.963Z] Time:          Fri Apr 07 2023 04:31:46 GMT+0300 (GMT+03:00)
[debug] [2023-04-07T01:31:46.963Z] ----------------------------------------------------------------------
[debug] 
[debug] [2023-04-07T01:31:46.975Z] > command requires scopes: ["email","openid","https://www.googleapis.com/auth/cloudplatformprojects.readonly","https://www.googleapis.com/auth/firebase","https://www.googleapis.com/auth/cloud-platform"]
[debug] [2023-04-07T01:31:46.976Z] > authorizing via signed-in user (bengisusagir@gmail.com)
[info] 
     ######## #### ########  ######## ########     ###     ######  ########
     ##        ##  ##     ## ##       ##     ##  ##   ##  ##       ##
     ######    ##  ########  ######   ########  #########  ######  ######
     ##        ##  ##    ##  ##       ##     ## ##     ##       ## ##
     ##       #### ##     ## ######## ########  ##     ##  ######  ########

You're about to initialize a Firebase project in this directory:

  D:\OneDrive\Masaüstü\uretken akademi\firebase_intro

[info] 
=== Project Setup
[info] 
[info] First, let's associate this project directory with a Firebase project.
[info] You can create multiple project aliases by running firebase use --add, 
[info] but for now we'll just set up a default project.
[info] 
[debug] [2023-04-07T01:32:26.424Z] >>> [apiv2][query] GET https://firebase.googleapis.com/v1beta1/projects pageSize=100
[debug] [2023-04-07T01:32:27.109Z] <<< [apiv2][status] GET https://firebase.googleapis.com/v1beta1/projects 200
[debug] [2023-04-07T01:32:27.109Z] <<< [apiv2][body] GET https://firebase.googleapis.com/v1beta1/projects [omitted]
[info] i  Using project intro-firebase-4e935 (intro-firebase) 
[info] 
=== Hosting Setup
[info] 
[info] Your public directory is the folder (relative to your project directory) that
[info] will contain Hosting assets to be uploaded with firebase deploy. If you
[info] have a build process for your assets, use your build's output directory.
[info] 
[info] i  Skipping write of public/404.html 
[debug] [2023-04-07T01:32:43.398Z] >>> [apiv2][query] GET https://www.gstatic.com/firebasejs/releases.json [none]
[debug] [2023-04-07T01:32:43.665Z] <<< [apiv2][status] GET https://www.gstatic.com/firebasejs/releases.json 200
[debug] [2023-04-07T01:32:43.666Z] <<< [apiv2][body] GET https://www.gstatic.com/firebasejs/releases.json {"current":{"version":"9.19.1","browserURL":"https://www.gstatic.com/firebasejs/9.19.1/firebase.js","packageURL":"https://www.gstatic.com/firebasejs/9.19.1/firebase.tgz"},"live":{"version":"9.19","browserURL":"https://www.gstatic.com/firebasejs/live/9.19/firebase.js","packageURL":"https://www.gstatic.com/firebasejs/live/9.19/firebase.tgz"},"components":{"analytics":"https://www.gstatic.com/firebasejs/9.19.1/firebase-analytics.js","app":"https://www.gstatic.com/firebasejs/9.19.1/firebase-app.js","app-check":"https://www.gstatic.com/firebasejs/9.19.1/firebase-app-check.js","auth":"https://www.gstatic.com/firebasejs/9.19.1/firebase-auth.js","auth/cordova":"https://www.gstatic.com/firebasejs/9.19.1/firebase-auth/cordova.js","auth/react-native":"https://www.gstatic.com/firebasejs/9.19.1/firebase-auth/react-native.js","functions":"https://www.gstatic.com/firebasejs/9.19.1/firebase-functions.js","firestore":"https://www.gstatic.com/firebasejs/9.19.1/firebase-firestore.js","firestore/lite":"https://www.gstatic.com/firebasejs/9.19.1/firebase-firestore/lite.js","installations":"https://www.gstatic.com/firebasejs/9.19.1/firebase-installations.js","storage":"https://www.gstatic.com/firebasejs/9.19.1/firebase-storage.js","performance":"https://www.gstatic.com/firebasejs/9.19.1/firebase-performance.js","remote-config":"https://www.gstatic.com/firebasejs/9.19.1/firebase-remote-config.js","messaging":"https://www.gstatic.com/firebasejs/9.19.1/firebase-messaging.js","messaging/sw":"https://www.gstatic.com/firebasejs/9.19.1/firebase-messaging/sw.js","database":"https://www.gstatic.com/firebasejs/9.19.1/firebase-database.js","firestore.memory":"https://www.gstatic.com/firebasejs/9.19.1/firebase-firestore.memory.js"}}
[info] i  Skipping write of public/index.html 
[info] 
[info] i  Detected a .git folder at D:\OneDrive\Masaüstü\uretken akademi\firebase_intro 
[info] i  Authorizing with GitHub to upload your service account to a GitHub repository's secrets store. 
[info] 
[info] Visit this URL on this device to log in:
[info] https://github.com/login/oauth/authorize?client_id=89cf50f02ac6aaed3484&state=25877649&redirect_uri=http%3A%2F%2Flocalhost%3A9005&scope=read%3Auser%20repo%20public_repo
[info] 
[info] Waiting for authentication...
[debug] [2023-04-07T01:33:09.830Z] >>> [apiv2][query] POST https://github.com/login/oauth/access_token [none]
[debug] [2023-04-07T01:33:09.831Z] >>> [apiv2][body] POST https://github.com/login/oauth/access_token [stream]
[debug] [2023-04-07T01:33:10.214Z] <<< [apiv2][status] POST https://github.com/login/oauth/access_token 200
[debug] [2023-04-07T01:33:10.215Z] <<< [apiv2][body] POST https://github.com/login/oauth/access_token {"access_token":"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","token_type":"bearer","scope":"read:user,repo"}
[debug] [2023-04-07T01:33:10.226Z] >>> [apiv2][query] GET https://api.github.com/user [none]
[debug] [2023-04-07T01:33:10.632Z] <<< [apiv2][status] GET https://api.github.com/user 200
[debug] [2023-04-07T01:33:10.632Z] <<< [apiv2][body] GET https://api.github.com/user {"login":"bengisusagir","id":92329590,"node_id":"U_kgDOBYDWdg","avatar_url":"https://avatars.githubusercontent.com/u/92329590?v=4","gravatar_id":"","url":"https://api.github.com/users/bengisusagir","html_url":"https://github.com/bengisusagir","followers_url":"https://api.github.com/users/bengisusagir/followers","following_url":"https://api.github.com/users/bengisusagir/following{/other_user}","gists_url":"https://api.github.com/users/bengisusagir/gists{/gist_id}","starred_url":"https://api.github.com/users/bengisusagir/starred{/owner}{/repo}","subscriptions_url":"https://api.github.com/users/bengisusagir/subscriptions","organizations_url":"https://api.github.com/users/bengisusagir/orgs","repos_url":"https://api.github.com/users/bengisusagir/repos","events_url":"https://api.github.com/users/bengisusagir/events{/privacy}","received_events_url":"https://api.github.com/users/bengisusagir/received_events","type":"User","site_admin":false,"name":"Bengisu Sağır","company":null,"blog":"https://www.linkedin.com/in/bengisu-sağır/","location":"Istanbul/Turkey","email":null,"hireable":null,"bio":"Bahcesehir University Software Engineering(2022-2026)","twitter_username":null,"public_repos":6,"public_gists":0,"followers":7,"following":6,"created_at":"2021-10-11T17:34:04Z","updated_at":"2023-03-22T20:42:25Z","private_gists":0,"total_private_repos":1,"owned_private_repos":1,"disk_usage":399,"collaborators":0,"two_factor_authentication":false,"plan":{"name":"pro","space":976562499,"collaborators":0,"private_repos":9999}}
[info] 
[info] +  Success! Logged into GitHub as bengisusagir 
[info] 
